Feb-03-2023 16:52:45 [error] 500 - mobile is not defined 
Feb-03-2023 16:54:46 [error] 500 - mobile is not defined 
Feb-03-2023 16:55:09 [error] 500 - mobile is not defined 
Feb-03-2023 17:09:43 [error] 500 - Cast to ObjectId failed for value "nitin.s@antino.io" (type string) at path "_id" for model "users" 
Feb-03-2023 17:11:10 [error] 500 - Cast to ObjectId failed for value "nitin.s@antino.io" (type string) at path "_id" for model "users" 
Feb-03-2023 17:43:34 [error] 500 - Cast to ObjectId failed for value "nitin.s@antino.io" (type string) at path "_id" for model "users" 
Feb-03-2023 17:44:06 [error] 500 - Cast to ObjectId failed for value "nitin.s@antino.io" (type string) at path "_id" for model "users" 
Feb-04-2023 19:24:27 [error] 500 - Cast to ObjectId failed for value "nitin.s@antino.io" (type string) at path "_id" for model "users" 
Feb-04-2023 21:33:06 [error] 500 - Parameter "filter" to findOne() must be an object, got nitin.s@antino.io 
Feb-04-2023 21:33:44 [error] 500 - Operation `users.findOne()` buffering timed out after 10000ms 
Feb-04-2023 21:49:08 [error] 500 - Operation `users.findOne()` buffering timed out after 10000ms 
Feb-04-2023 22:14:32 [error] 404 - this email is already registered 
Feb-04-2023 23:08:07 [error] 500 - Operation `users.findOne()` buffering timed out after 10000ms 
Feb-04-2023 23:08:41 [error] 500 - Operation `users.findOne()` buffering timed out after 10000ms 
Feb-04-2023 23:27:02 [error] 500 - Operation `users.findOne()` buffering timed out after 10000ms 
Feb-04-2023 23:39:19 [error] 500 - Operation `users.findOne()` buffering timed out after 10000ms 
Feb-04-2023 23:39:31 [error] 500 - Operation `users.findOne()` buffering timed out after 10000ms 
Feb-05-2023 00:26:15 [error] 500 - Operation `users.findOne()` buffering timed out after 10000ms 
Feb-05-2023 16:23:19 [error] 500 - password is not defined 
Feb-05-2023 16:27:22 [error] 500 - Operation `users.findOne()` buffering timed out after 10000ms 
Feb-05-2023 16:27:54 [error] 500 - Operation `users.findOne()` buffering timed out after 10000ms 
Feb-05-2023 16:28:22 [error] 500 - Operation `users.findOne()` buffering timed out after 10000ms 
Feb-05-2023 16:28:46 [error] 500 - Operation `users.findOne()` buffering timed out after 10000ms 
Feb-05-2023 16:33:14 [error] 500 - Operation `users.findOne()` buffering timed out after 10000ms 
Feb-05-2023 17:19:19 [error] 500 - Operation `users.findOne()` buffering timed out after 10000ms 
Feb-05-2023 18:28:41 [error] 500 - Operation `users.findOne()` buffering timed out after 10000ms 
Feb-05-2023 18:34:29 [error] 500 - Operation `users.findOne()` buffering timed out after 10000ms 
Feb-05-2023 18:35:29 [error] 500 - Operation `users.findOne()` buffering timed out after 10000ms 
Feb-05-2023 18:38:21 [error] 500 - Operation `users.findOne()` buffering timed out after 10000ms 
Feb-05-2023 18:40:19 [error] 500 - Operation `users.findOne()` buffering timed out after 10000ms 
Feb-05-2023 18:54:31 [error] 500 - Operation `users.findOne()` buffering timed out after 10000ms 
Feb-06-2023 09:47:17 [error] 500 - data and hash arguments required 
Feb-06-2023 15:57:49 [error] 400 - Unexpected token / in JSON at position 7 
Feb-06-2023 16:00:58 [error] 400 - Unexpected token / in JSON at position 7 
Feb-08-2023 13:10:55 [error] 404 - Requested URL http://localhost:5000/api/request/createRequest not found! 
Feb-08-2023 16:04:46 [error] 404 - Requested URL http://localhost:5000/api/request/listAllReq not found! 
Feb-09-2023 13:22:19 [error] 404 - Requested URL http://localhost:5000/api/admin/resetPassword/63e0aca660b396be0e25bed8/630687f92bb2e6debdcea67975af6a1ce45ead226418969e5a4e2efdc1097ae0 not found! 
Feb-09-2023 13:22:19 [error] 404 - Requested URL http://localhost:5000/favicon.ico not found! 
Feb-09-2023 13:22:37 [error] 404 - Requested URL http://localhost:5000/api/admin/resetPassword/63e0aca660b396be0e25bed8/630687f92bb2e6debdcea67975af6a1ce45ead226418969e5a4e2efdc1097ae0 not found! 
Feb-09-2023 14:05:01 [error] 404 - Requested URL http://localhost:5000/api/user/resetPassword not found! 
Feb-09-2023 14:05:59 [error] 404 - Requested URL http://localhost:5000/api/user/resetPassword not found! 
Feb-09-2023 14:07:07 [error] 404 - Requested URL http://localhost:5000/api/user/resetPassword not found! 
