Feb-03-2023 16:52:45 [info] http://localhost:5000/api/user/signup - POST METHOD  
Feb-03-2023 16:52:45 [error] 500 - mobile is not defined 
Feb-03-2023 16:54:46 [info] http://localhost:5000/api/user/signup - POST METHOD  
Feb-03-2023 16:54:46 [error] 500 - mobile is not defined 
Feb-03-2023 16:55:09 [info] http://localhost:5000/api/user/signup - POST METHOD  
Feb-03-2023 16:55:09 [error] 500 - mobile is not defined 
Feb-03-2023 17:09:43 [info] http://localhost:5000/api/user/signup - POST METHOD  
Feb-03-2023 17:09:43 [error] 500 - Cast to ObjectId failed for value "nitin.s@antino.io" (type string) at path "_id" for model "users" 
Feb-03-2023 17:11:10 [info] http://localhost:5000/api/user/signup - POST METHOD  
Feb-03-2023 17:11:10 [error] 500 - Cast to ObjectId failed for value "nitin.s@antino.io" (type string) at path "_id" for model "users" 
Feb-03-2023 17:43:34 [info] http://localhost:5000/api/user/signup - POST METHOD  
Feb-03-2023 17:43:34 [error] 500 - Cast to ObjectId failed for value "nitin.s@antino.io" (type string) at path "_id" for model "users" 
Feb-03-2023 17:44:06 [info] http://localhost:5000/api/user/signup - POST METHOD  
Feb-03-2023 17:44:06 [error] 500 - Cast to ObjectId failed for value "nitin.s@antino.io" (type string) at path "_id" for model "users" 
Feb-04-2023 19:24:27 [info] http://localhost:5000/api/user/signup - POST METHOD  
Feb-04-2023 19:24:27 [error] 500 - Cast to ObjectId failed for value "nitin.s@antino.io" (type string) at path "_id" for model "users" 
Feb-04-2023 21:33:06 [info] http://localhost:5000/api/user/signup - POST METHOD  
Feb-04-2023 21:33:06 [error] 500 - Parameter "filter" to findOne() must be an object, got nitin.s@antino.io 
Feb-04-2023 21:33:34 [info] http://localhost:5000/api/user/signup - POST METHOD  
Feb-04-2023 21:33:44 [error] 500 - Operation `users.findOne()` buffering timed out after 10000ms 
Feb-04-2023 21:48:58 [info] http://localhost:5000/api/user/signup - POST METHOD  
Feb-04-2023 21:49:08 [error] 500 - Operation `users.findOne()` buffering timed out after 10000ms 
Feb-04-2023 22:10:25 [info] http://localhost:5000/api/user/signup - POST METHOD  
Feb-04-2023 22:14:32 [info] http://localhost:5000/api/user/signup - POST METHOD  
Feb-04-2023 22:14:32 [error] 404 - this email is already registered 
Feb-04-2023 23:07:57 [info] http://localhost:5000/api/user/signup - POST METHOD  
Feb-04-2023 23:08:07 [error] 500 - Operation `users.findOne()` buffering timed out after 10000ms 
Feb-04-2023 23:08:15 [info] http://localhost:5000/api/user/signup - POST METHOD  
Feb-04-2023 23:08:31 [info] http://localhost:5000/api/user/signup - POST METHOD  
Feb-04-2023 23:08:41 [error] 500 - Operation `users.findOne()` buffering timed out after 10000ms 
Feb-04-2023 23:16:54 [info] http://localhost:5000/api/user/signup - POST METHOD  
Feb-04-2023 23:26:52 [info] http://localhost:5000/api/user/signup - POST METHOD  
Feb-04-2023 23:27:02 [error] 500 - Operation `users.findOne()` buffering timed out after 10000ms 
Feb-04-2023 23:39:09 [info] http://localhost:5000/api/user/signup - POST METHOD  
Feb-04-2023 23:39:19 [error] 500 - Operation `users.findOne()` buffering timed out after 10000ms 
Feb-04-2023 23:39:21 [info] http://localhost:5000/api/user/signup - POST METHOD  
Feb-04-2023 23:39:31 [error] 500 - Operation `users.findOne()` buffering timed out after 10000ms 
Feb-05-2023 00:26:05 [info] http://localhost:5000/api/user/login - POST METHOD  
Feb-05-2023 00:26:15 [error] 500 - Operation `users.findOne()` buffering timed out after 10000ms 
Feb-05-2023 00:26:20 [info] http://localhost:5000/api/user/signup - POST METHOD  
Feb-05-2023 16:23:18 [info] http://localhost:5000/api/user/signup - POST METHOD  
Feb-05-2023 16:23:19 [error] 500 - password is not defined 
Feb-05-2023 16:27:12 [info] http://localhost:5000/api/user/signup - POST METHOD  
Feb-05-2023 16:27:22 [error] 500 - Operation `users.findOne()` buffering timed out after 10000ms 
Feb-05-2023 16:27:44 [info] http://localhost:5000/api/user/signup - POST METHOD  
Feb-05-2023 16:27:54 [error] 500 - Operation `users.findOne()` buffering timed out after 10000ms 
Feb-05-2023 16:28:12 [info] http://localhost:5000/api/user/signup - POST METHOD  
Feb-05-2023 16:28:22 [error] 500 - Operation `users.findOne()` buffering timed out after 10000ms 
Feb-05-2023 16:28:36 [info] http://localhost:5000/api/user/signup - POST METHOD  
Feb-05-2023 16:28:46 [error] 500 - Operation `users.findOne()` buffering timed out after 10000ms 
Feb-05-2023 16:33:04 [info] http://localhost:5000/api/user/signup - POST METHOD  
Feb-05-2023 16:33:14 [error] 500 - Operation `users.findOne()` buffering timed out after 10000ms 
Feb-05-2023 17:19:09 [info] http://localhost:5000/api/user/signup - POST METHOD  
Feb-05-2023 17:19:19 [error] 500 - Operation `users.findOne()` buffering timed out after 10000ms 
Feb-05-2023 18:28:31 [info] http://localhost:5000/api/user/signup - POST METHOD  
Feb-05-2023 18:28:41 [error] 500 - Operation `users.findOne()` buffering timed out after 10000ms 
Feb-05-2023 18:34:19 [info] http://localhost:5000/api/user/signup - POST METHOD  
Feb-05-2023 18:34:29 [error] 500 - Operation `users.findOne()` buffering timed out after 10000ms 
Feb-05-2023 18:35:19 [info] http://localhost:5000/api/user/signup - POST METHOD  
Feb-05-2023 18:35:29 [error] 500 - Operation `users.findOne()` buffering timed out after 10000ms 
Feb-05-2023 18:38:11 [info] http://localhost:5000/api/user/signup - POST METHOD  
Feb-05-2023 18:38:21 [error] 500 - Operation `users.findOne()` buffering timed out after 10000ms 
Feb-05-2023 18:40:09 [info] http://localhost:5000/api/user/signup - POST METHOD  
Feb-05-2023 18:40:19 [error] 500 - Operation `users.findOne()` buffering timed out after 10000ms 
Feb-05-2023 18:54:21 [info] http://localhost:5000/api/user/signup - POST METHOD  
Feb-05-2023 18:54:31 [error] 500 - Operation `users.findOne()` buffering timed out after 10000ms 
Feb-05-2023 19:18:31 [info] http://localhost:5000/api/user/signup - POST METHOD  
Feb-05-2023 19:19:27 [info] http://localhost:5000/api/user/signup - POST METHOD  
Feb-05-2023 19:20:19 [info] http://localhost:5000/api/user/signup - POST METHOD  
Feb-05-2023 19:23:00 [info] http://localhost:5000/api/user/signup - POST METHOD  
Feb-05-2023 19:23:46 [info] http://localhost:5000/api/user/signup - POST METHOD  
Feb-05-2023 19:24:57 [info] http://localhost:5000/api/user/signup - POST METHOD  
Feb-05-2023 19:26:33 [info] http://localhost:5000/api/user/signup - POST METHOD  
Feb-06-2023 09:47:17 [info] http://localhost:5000/api/user/login - POST METHOD  
Feb-06-2023 09:47:17 [error] 500 - data and hash arguments required 
Feb-06-2023 09:47:32 [info] http://localhost:5000/api/user/signup - POST METHOD  
Feb-06-2023 09:48:08 [info] http://localhost:5000/api/user/signup - POST METHOD  
Feb-06-2023 09:48:24 [info] http://localhost:5000/api/user/signup - POST METHOD  
Feb-06-2023 09:57:31 [info] http://localhost:5000/api/user/signup - POST METHOD  
Feb-06-2023 09:57:41 [info] http://localhost:5000/api/user/signup - POST METHOD  
Feb-06-2023 10:17:39 [info] http://localhost:5000/api/user/login - POST METHOD  
Feb-06-2023 10:26:00 [info] http://localhost:5000/api/user/signup - POST METHOD  
Feb-06-2023 10:26:34 [info] http://localhost:5000/api/user/login - POST METHOD  
Feb-06-2023 10:27:02 [info] http://localhost:5000/api/user/login - POST METHOD  
Feb-06-2023 10:30:52 [info] http://localhost:5000/api/user/login - POST METHOD  
Feb-06-2023 10:40:46 [info] http://localhost:5000/api/user/login - POST METHOD  
Feb-06-2023 10:44:00 [info] http://localhost:5000/api/user/signup - POST METHOD  
Feb-06-2023 12:17:03 [info] http://localhost:5000/api/client/request - POST METHOD  
Feb-06-2023 12:21:26 [info] http://localhost:5000/api/client/request - POST METHOD  
Feb-06-2023 12:21:56 [info] http://localhost:5000/api/client/request - POST METHOD  
Feb-06-2023 12:32:46 [info] http://localhost:5000/api/client/request - POST METHOD  
Feb-06-2023 12:33:15 [info] http://localhost:5000/api/client/request - POST METHOD  
Feb-06-2023 12:54:52 [info] http://localhost:5000/api/client/request - POST METHOD  
Feb-06-2023 13:00:46 [info] http://localhost:5000/api/user/signup - POST METHOD  
Feb-06-2023 13:01:58 [info] http://localhost:5000/api/user/login - POST METHOD  
Feb-06-2023 13:02:56 [info] http://localhost:5000/api/user/login - POST METHOD  
Feb-06-2023 13:04:20 [info] http://localhost:5000/api/user/login - POST METHOD  
Feb-06-2023 14:49:18 [info] http://localhost:5000/api/user/listBuilder - GET METHOD  
Feb-06-2023 14:50:33 [info] http://localhost:5000/api/user/listBuilder - GET METHOD  
Feb-06-2023 14:51:02 [info] http://localhost:5000/api/user/listBuilder - GET METHOD  
Feb-06-2023 14:51:44 [info] http://localhost:5000/api/user/listBuilder - GET METHOD  
Feb-06-2023 15:56:03 [info] http://localhost:5000/api/user/listBuilder - GET METHOD  
Feb-06-2023 15:56:30 [info] http://localhost:5000/api/user/listBuilder - GET METHOD  
Feb-06-2023 15:56:35 [info] http://localhost:5000/api/user/listBuilder - GET METHOD  
Feb-06-2023 15:57:49 [error] 400 - Unexpected token / in JSON at position 7 
Feb-06-2023 15:57:59 [info] http://localhost:5000/api/user/listBuilder - GET METHOD  
Feb-06-2023 16:00:58 [error] 400 - Unexpected token / in JSON at position 7 
Feb-06-2023 16:02:13 [info] http://localhost:5000/api/user/listBuilder - GET METHOD  
Feb-06-2023 16:03:01 [info] http://localhost:5000/api/user/listBuilder - GET METHOD  
Feb-06-2023 16:03:16 [info] http://localhost:5000/api/user/listBuilder - GET METHOD  
Feb-06-2023 16:03:24 [info] http://localhost:5000/api/user/listBuilder - GET METHOD  
Feb-06-2023 16:04:11 [info] http://localhost:5000/api/user/listBuilder - GET METHOD  
Feb-06-2023 16:04:59 [info] http://localhost:5000/api/user/listBuilder - GET METHOD  
Feb-06-2023 17:15:42 [info] http://localhost:5000/api/user/listBuilder - GET METHOD  
Feb-07-2023 10:59:12 [info] http://localhost:5000/api/user/listBuilder - GET METHOD  
Feb-07-2023 16:44:03 [info] http://localhost:5000/api/builder/propertyReq - GET METHOD  
Feb-07-2023 16:44:54 [info] http://localhost:5000/api/builder/propertyReq - GET METHOD  
Feb-07-2023 16:45:10 [info] http://localhost:5000/api/builder/propertyReq - GET METHOD  
Feb-07-2023 16:45:50 [info] http://localhost:5000/api/builder/propertyReq - GET METHOD  
Feb-08-2023 12:38:28 [info] http://localhost:5000/api/user/login - POST METHOD  
Feb-08-2023 13:10:55 [info] http://localhost:5000/api/request/createRequest - POST METHOD  
Feb-08-2023 13:10:55 [error] 404 - Requested URL http://localhost:5000/api/request/createRequest not found! 
Feb-08-2023 13:13:00 [info] http://localhost:5000/api/request/propertyRequest - POST METHOD  
Feb-08-2023 13:16:14 [info] http://localhost:5000/api/request/propertyRequest - POST METHOD  
Feb-08-2023 13:24:56 [info] http://localhost:5000/api/request/propertyRequest - POST METHOD  
Feb-08-2023 13:28:38 [info] http://localhost:5000/api/request/propertyRequest - POST METHOD  
Feb-08-2023 13:34:58 [info] http://localhost:5000/api/request/propertyRequest - POST METHOD  
Feb-08-2023 13:36:04 [info] http://localhost:5000/api/request/propertyRequest - POST METHOD  
Feb-08-2023 13:38:52 [info] http://localhost:5000/api/request/propertyRequest - POST METHOD  
Feb-08-2023 13:39:23 [info] http://localhost:5000/api/request/propertyRequest - POST METHOD  
Feb-08-2023 14:03:41 [info] http://localhost:5000/api/request/propertyRequest - POST METHOD  
Feb-08-2023 14:05:28 [info] http://localhost:5000/api/request/propertyRequest - POST METHOD  
Feb-08-2023 14:08:06 [info] http://localhost:5000/api/request/propertyRequest - POST METHOD  
Feb-08-2023 14:16:52 [info] http://localhost:5000/api/request/propertyRequest - POST METHOD  
Feb-08-2023 14:19:00 [info] http://localhost:5000/api/request/propertyRequest - POST METHOD  
Feb-08-2023 14:21:20 [info] http://localhost:5000/api/request/propertyRequest - POST METHOD  
Feb-08-2023 14:30:58 [info] http://localhost:5000/api/request/propertyRequest - POST METHOD  
Feb-08-2023 14:32:54 [info] http://localhost:5000/api/request/propertyRequest - POST METHOD  
Feb-08-2023 14:47:13 [info] http://localhost:5000/api/request/propertyRequest - POST METHOD  
Feb-08-2023 16:04:45 [info] http://localhost:5000/api/request/listAllReq - GET METHOD  
Feb-08-2023 16:04:46 [error] 404 - Requested URL http://localhost:5000/api/request/listAllReq not found! 
Feb-08-2023 16:05:08 [info] http://localhost:5000/api/request/listRequest - GET METHOD  
Feb-08-2023 16:05:33 [info] http://localhost:5000/api/request/listRequest - GET METHOD  
Feb-08-2023 16:09:29 [info] http://localhost:5000/api/request/listRequest - GET METHOD  
Feb-08-2023 16:18:19 [info] http://localhost:5000/api/request/listRequest - GET METHOD  
Feb-08-2023 16:19:48 [info] http://localhost:5000/api/request/listRequest - GET METHOD  
Feb-08-2023 16:20:50 [info] http://localhost:5000/api/request/listRequest - GET METHOD  
Feb-08-2023 16:38:07 [info] http://localhost:5000/api/request/sendQuotes - GET METHOD  
Feb-08-2023 16:38:37 [info] http://localhost:5000/api/request/sendQuotes - POST METHOD  
Feb-08-2023 16:39:04 [info] http://localhost:5000/api/request/sendQuotes - POST METHOD  
Feb-08-2023 16:41:38 [info] http://localhost:5000/api/request/sendQuotes - POST METHOD  
Feb-08-2023 16:43:45 [info] http://localhost:5000/api/request/sendQuotes - POST METHOD  
Feb-08-2023 16:44:04 [info] http://localhost:5000/api/request/sendQuotes - POST METHOD  
Feb-08-2023 16:45:02 [info] http://localhost:5000/api/request/sendQuotes - POST METHOD  
Feb-08-2023 16:46:17 [info] http://localhost:5000/api/request/sendQuotes - POST METHOD  
Feb-08-2023 17:22:15 [info] http://localhost:5000/api/request/sendQuotes - POST METHOD  
Feb-08-2023 17:51:08 [info] http://localhost:5000/api/request/sendQuotes - POST METHOD  
Feb-08-2023 17:51:53 [info] http://localhost:5000/api/request/sendQuotes - POST METHOD  
Feb-08-2023 17:53:02 [info] http://localhost:5000/api/request/sendQuotes - POST METHOD  
Feb-08-2023 18:10:50 [info] http://localhost:5000/api/request/sendQuotes - POST METHOD  
Feb-08-2023 18:11:40 [info] http://localhost:5000/api/request/sendQuotes - POST METHOD  
Feb-08-2023 21:55:28 [info] http://localhost:5000/api/user/signup - POST METHOD  
Feb-08-2023 21:56:15 [info] http://localhost:5000/api/user/signup - POST METHOD  
Feb-08-2023 21:57:03 [info] http://localhost:5000/api/user/signup - POST METHOD  
Feb-08-2023 21:57:37 [info] http://localhost:5000/api/user/login - POST METHOD  
Feb-08-2023 22:03:28 [info] http://localhost:5000/api/request/listRequest - GET METHOD  
Feb-08-2023 22:03:49 [info] http://localhost:5000/api/request/listRequest - GET METHOD  
Feb-08-2023 22:03:56 [info] http://localhost:5000/api/request/listRequest - GET METHOD  
Feb-08-2023 22:05:21 [info] http://localhost:5000/api/request/listRequest - GET METHOD  
Feb-09-2023 09:54:35 [info] http://localhost:5000/api/request/listRequest - GET METHOD  
Feb-09-2023 09:55:44 [info] http://localhost:5000/api/request/listRequest - GET METHOD  
Feb-09-2023 09:56:44 [info] http://localhost:5000/api/request/listRequest - GET METHOD  
Feb-09-2023 09:57:22 [info] http://localhost:5000/api/request/listRequest - GET METHOD  
Feb-09-2023 10:01:52 [info] http://localhost:5000/api/request/sendQuotation - POST METHOD  
Feb-09-2023 10:02:11 [info] http://localhost:5000/api/request/sendQuotation - POST METHOD  
Feb-09-2023 10:02:49 [info] http://localhost:5000/api/user/login - POST METHOD  
Feb-09-2023 10:03:23 [info] http://localhost:5000/api/request/sendQuotation - POST METHOD  
Feb-09-2023 10:06:57 [info] http://localhost:5000/api/user/login - POST METHOD  
Feb-09-2023 10:42:33 [info] http://localhost:5000/api/request/responseToQuotation?quotationId=63e39884349b5b54a94f51d5 - POST METHOD  
Feb-09-2023 10:44:00 [info] http://localhost:5000/api/request/responseToQuotation?quotationId=63e39884349b5b54a94f51d5 - POST METHOD  
Feb-09-2023 11:15:59 [info] http://localhost:5000/api/request/listAllQuotation?requestId=63e357edfda591d1efe05640 - GET METHOD  
Feb-09-2023 11:16:08 [info] http://localhost:5000/api/request/listAllQuotation?requestId=63e357edfda591d1efe05640 - GET METHOD  
Feb-09-2023 11:20:26 [info] http://localhost:5000/api/request/sendQuotation - POST METHOD  
Feb-09-2023 11:21:39 [info] http://localhost:5000/api/request/sendQuotation - POST METHOD  
Feb-09-2023 11:21:58 [info] http://localhost:5000/api/request/sendQuotation - POST METHOD  
Feb-09-2023 11:22:14 [info] http://localhost:5000/api/request/listAllQuotation?requestId=63e357edfda591d1efe05640 - GET METHOD  
Feb-09-2023 12:00:46 [info] http://localhost:5000/api/request/createRequest - POST METHOD  
Feb-09-2023 12:01:25 [info] http://localhost:5000/api/request/createRequest - POST METHOD  
Feb-09-2023 12:03:20 [info] http://localhost:5000/api/request/createRequest - POST METHOD  
Feb-09-2023 12:04:08 [info] http://localhost:5000/api/request/createRequest - POST METHOD  
Feb-09-2023 12:15:45 [info] http://localhost:5000/api/request/listRequest - GET METHOD  
Feb-09-2023 12:18:36 [info] http://localhost:5000/api/request/createQuotation - POST METHOD  
Feb-09-2023 12:19:07 [info] http://localhost:5000/api/request/listAllQuotation?requestId=63e4933d991a366f4e238370 - GET METHOD  
Feb-09-2023 12:21:48 [info] http://localhost:5000/api/request/createQuotation - POST METHOD  
Feb-09-2023 12:23:45 [info] http://localhost:5000/api/request/responseToQuotation?quotationId=63e498040343e8e15250f527 - POST METHOD  
Feb-09-2023 12:24:34 [info] http://localhost:5000/api/request/responseToQuotation?quotationId=63e498040343e8e15250f527 - POST METHOD  
Feb-09-2023 13:01:38 [info] http://localhost:5000/api/user/forgetPassword - POST METHOD  
Feb-09-2023 13:02:40 [info] http://localhost:5000/api/user/forgetPassword - POST METHOD  
Feb-09-2023 13:03:59 [info] http://localhost:5000/api/user/forgetPassword - POST METHOD  
Feb-09-2023 13:14:55 [info] http://localhost:5000/api/user/forgetPassword - POST METHOD  
Feb-09-2023 13:15:38 [info] http://localhost:5000/api/user/forgetPassword - POST METHOD  
Feb-09-2023 13:16:48 [info] http://localhost:5000/api/user/forgetPassword - POST METHOD  
Feb-09-2023 13:20:03 [info] http://localhost:5000/api/user/forgetPassword - POST METHOD  
Feb-09-2023 13:21:25 [info] http://localhost:5000/api/user/forgetPassword - POST METHOD  
Feb-09-2023 13:22:19 [info] http://localhost:5000/api/admin/resetPassword/63e0aca660b396be0e25bed8/630687f92bb2e6debdcea67975af6a1ce45ead226418969e5a4e2efdc1097ae0 - GET METHOD  
Feb-09-2023 13:22:19 [error] 404 - Requested URL http://localhost:5000/api/admin/resetPassword/63e0aca660b396be0e25bed8/630687f92bb2e6debdcea67975af6a1ce45ead226418969e5a4e2efdc1097ae0 not found! 
Feb-09-2023 13:22:19 [error] 404 - Requested URL http://localhost:5000/favicon.ico not found! 
Feb-09-2023 13:22:37 [info] http://localhost:5000/api/admin/resetPassword/63e0aca660b396be0e25bed8/630687f92bb2e6debdcea67975af6a1ce45ead226418969e5a4e2efdc1097ae0 - GET METHOD  
Feb-09-2023 13:22:37 [error] 404 - Requested URL http://localhost:5000/api/admin/resetPassword/63e0aca660b396be0e25bed8/630687f92bb2e6debdcea67975af6a1ce45ead226418969e5a4e2efdc1097ae0 not found! 
Feb-09-2023 13:29:41 [info] http://localhost:5000/api/user/forgetPassword - POST METHOD  
Feb-09-2023 13:35:36 [info] http://localhost:5000/api/user/forgetPassword - POST METHOD  
Feb-09-2023 13:36:08 [info] http://localhost:5000/api/user/forgetPassword - POST METHOD  
Feb-09-2023 13:36:53 [info] http://localhost:5000/api/user/forgetPassword - POST METHOD  
Feb-09-2023 13:38:06 [info] http://localhost:5000/api/user/forgetPassword - POST METHOD  
Feb-09-2023 14:05:01 [info] http://localhost:5000/api/user/resetPassword - POST METHOD  
Feb-09-2023 14:05:01 [error] 404 - Requested URL http://localhost:5000/api/user/resetPassword not found! 
Feb-09-2023 14:05:59 [info] http://localhost:5000/api/user/resetPassword - POST METHOD  
Feb-09-2023 14:05:59 [error] 404 - Requested URL http://localhost:5000/api/user/resetPassword not found! 
Feb-09-2023 14:07:07 [info] http://localhost:5000/api/user/resetPassword - POST METHOD  
Feb-09-2023 14:07:07 [error] 404 - Requested URL http://localhost:5000/api/user/resetPassword not found! 
Feb-09-2023 14:07:44 [info] http://localhost:5000/api/user/resetPassword - POST METHOD  
Feb-09-2023 14:09:13 [info] http://localhost:5000/api/user/resetPassword - POST METHOD  
Feb-09-2023 14:10:53 [info] http://localhost:5000/api/user/resetPassword - POST METHOD  
Feb-09-2023 14:11:21 [info] http://localhost:5000/api/user/resetPassword - POST METHOD  
Feb-10-2023 15:02:22 [info] http://localhost:5000/api/user/login - POST METHOD  
Feb-10-2023 15:05:09 [info] http://localhost:5000/api/user/login - POST METHOD  
Feb-10-2023 15:05:34 [info] http://localhost:5000/api/user/login - POST METHOD  
Feb-10-2023 15:05:59 [info] http://localhost:5000/api/user/login - POST METHOD  
Feb-10-2023 15:10:10 [info] http://localhost:5000/api/user/login - POST METHOD  
Feb-10-2023 15:21:32 [info] http://localhost:5000/api/user/forgetPassword - POST METHOD  
Feb-10-2023 15:22:55 [info] http://localhost:5000/api/user/resetPassword - POST METHOD  
Feb-10-2023 15:23:41 [info] http://localhost:5000/api/user/login - POST METHOD  
Feb-10-2023 15:24:59 [info] http://localhost:5000/api/user/updateProfile - PATCH METHOD  
Feb-10-2023 15:25:29 [info] http://localhost:5000/api/user/updateProfile - PATCH METHOD  
Feb-10-2023 15:57:00 [info] http://localhost:5000/api/request/createQuotation - POST METHOD  
Feb-10-2023 15:58:05 [info] http://localhost:5000/api/request/responseToQuotation?quotationId=63e61bf4f5bfeb938bc0a68f - POST METHOD  
Feb-10-2023 16:00:36 [info] http://localhost:5000/api/user/login - POST METHOD  
Feb-10-2023 16:01:15 [info] http://localhost:5000/api/request/createQuotation - POST METHOD  
Feb-10-2023 16:03:44 [info] http://localhost:5000/api/request/listAllQuotation?requestId=63e4933d991a366f4e238370 - GET METHOD  
Feb-10-2023 16:04:23 [info] http://localhost:5000/api/request/listRequest - GET METHOD  
Feb-10-2023 16:05:03 [info] http://localhost:5000/api/request/createRequest - POST METHOD  
Feb-10-2023 16:12:11 [info] http://localhost:5000/api/request/createRequest - POST METHOD  
Feb-10-2023 16:13:03 [info] http://localhost:5000/api/request/createRequest - POST METHOD  
Feb-10-2023 16:18:51 [info] http://localhost:5000/api/request/createRequest - POST METHOD  
Feb-10-2023 16:24:41 [info] http://localhost:5000/api/request/createRequest - POST METHOD  
Feb-10-2023 16:25:41 [info] http://localhost:5000/api/request/createRequest - POST METHOD  
Feb-10-2023 16:27:08 [info] http://localhost:5000/api/request/createRequest - POST METHOD  
Feb-10-2023 16:34:17 [info] http://localhost:5000/api/request/createRequest - POST METHOD  
Feb-10-2023 17:05:28 [info] http://localhost:5000/api/request/createRequest - POST METHOD  
Feb-10-2023 17:07:27 [info] http://localhost:5000/api/request/createRequest - POST METHOD  
Feb-10-2023 17:08:41 [info] http://localhost:5000/api/request/createRequest - POST METHOD  
Feb-10-2023 17:11:06 [info] http://localhost:5000/api/request/createRequest - POST METHOD  
Feb-10-2023 17:29:16 [info] http://localhost:5000/api/request/createRequest - POST METHOD  
Feb-10-2023 17:32:41 [info] http://localhost:5000/api/request/createRequest - POST METHOD  
Feb-10-2023 17:33:19 [info] http://localhost:5000/api/request/createRequest - POST METHOD  
Feb-10-2023 17:34:06 [info] http://localhost:5000/api/request/createRequest - POST METHOD  
Feb-10-2023 17:36:09 [info] http://localhost:5000/api/request/createRequest - POST METHOD  
Feb-10-2023 17:37:18 [info] http://localhost:5000/api/request/createRequest - POST METHOD  
Feb-10-2023 17:37:55 [info] http://localhost:5000/api/request/createRequest - POST METHOD  
Feb-10-2023 17:39:20 [info] http://localhost:5000/api/request/createQuotation - POST METHOD  
Feb-10-2023 17:39:49 [info] http://localhost:5000/api/user/login - POST METHOD  
Feb-10-2023 17:40:33 [info] http://localhost:5000/api/request/createQuotation - POST METHOD  
Feb-10-2023 17:41:04 [info] http://localhost:5000/api/request/responseToQuotation?quotationId=63e634391e1a22ebe8186d6f - POST METHOD  
Feb-10-2023 17:42:13 [info] http://localhost:5000/api/request/listAllQuotation?requestId=63e633311e1a22ebe8186d60 - GET METHOD  
Feb-10-2023 17:42:35 [info] http://localhost:5000/api/request/listRequest - GET METHOD  
